# JRE version: OpenJDK Runtime Environment Temurin-21.0.7+6 (21.0.7+6) (build 21.0.7+6-LTS)
# Java VM: OpenJDK 64-Bit Server VM Temurin-21.0.7+6 (21.0.7+6-LTS, mixed mode, sharing, tiered, compressed oops, compressed class ptrs, parallel gc, windows-amd64)
GC Precious Log:
 CardTable entry size: 512
 CPUs: 12 total, 12 available
 Memory: 16068M
 Large Page Support: Disabled
 NUMA Support: Disabled
 Compressed Oops: Enabled (32-bit)
 Alignments: Space 512K, Generation 512K, Heap 2M
 Heap Min Capacity: 100M
 Heap Initial Capacity: 100M
 Heap Max Capacity: 1G
 Pre-touch: Disabled
 Parallel Workers: 10
Heap:
 PSYoungGen      total 7168K, used 4635K [0x00000000eab00000, 0x00000000eb600000, 0x0000000100000000)
  eden space 6656K, 62% used [0x00000000eab00000,0x00000000eaf097d8,0x00000000eb180000)
  from space 512K, 98% used [0x00000000eb580000,0x00000000eb5fd808,0x00000000eb600000)
  to   space 2048K, 0% used [0x00000000eb200000,0x00000000eb200000,0x00000000eb400000)
 ParOldGen       total 601088K, used 600589K [0x00000000c0000000, 0x00000000e4b00000, 0x00000000eab00000)
  object space 601088K, 99% used [0x00000000c0000000,0x00000000e4a83618,0x00000000e4b00000)
 Metaspace       used 66766K, committed 68288K, reserved 1114112K
  class space    used 7069K, committed 7744K, reserved 1048576K
GC Heap History (20 events):
Event: 37.851 GC heap before
{Heap before GC invocations=791 (full 3):
 PSYoungGen      total 7680K, used 7488K [0x00000000eab00000, 0x00000000eb380000, 0x0000000100000000)
  eden space 6656K, 100% used [0x00000000eab00000,0x00000000eb180000,0x00000000eb180000)
  from space 1024K, 81% used [0x00000000eb180000,0x00000000eb250000,0x00000000eb280000)
  to   space 1024K, 0% used [0x00000000eb280000,0x00000000eb280000,0x00000000eb380000)
 ParOldGen       total 589312K, used 589237K [0x00000000c0000000, 0x00000000e3f80000, 0x00000000eab00000)
  object space 589312K, 99% used [0x00000000c0000000,0x00000000e3f6d630,0x00000000e3f80000)
 Metaspace       used 66765K, committed 68288K, reserved 1114112K
  class space    used 7069K, committed 7744K, reserved 1048576K
}
Event: 37.853 GC heap after
{Heap after GC invocations=791 (full 3):
 PSYoungGen      total 7680K, used 952K [0x00000000eab00000, 0x00000000eb380000, 0x0000000100000000)
  eden space 6656K, 0% used [0x00000000eab00000,0x00000000eab00000,0x00000000eb180000)
  from space 1024K, 92% used [0x00000000eb280000,0x00000000eb36e008,0x00000000eb380000)
  to   space 1024K, 0% used [0x00000000eb180000,0x00000000eb180000,0x00000000eb280000)
 ParOldGen       total 590336K, used 589944K [0x00000000c0000000, 0x00000000e4080000, 0x00000000eab00000)
  object space 590336K, 99% used [0x00000000c0000000,0x00000000e401e340,0x00000000e4080000)
 Metaspace       used 66765K, committed 68288K, reserved 1114112K
  class space    used 7069K, committed 7744K, reserved 1048576K
}
Event: 37.869 GC heap before
{Heap before GC invocations=792 (full 3):
 PSYoungGen      total 7680K, used 7608K [0x00000000eab00000, 0x00000000eb380000, 0x0000000100000000)
  eden space 6656K, 100% used [0x00000000eab00000,0x00000000eb180000,0x00000000eb180000)
  from space 1024K, 92% used [0x00000000eb280000,0x00000000eb36e008,0x00000000eb380000)
  to   space 1024K, 0% used [0x00000000eb180000,0x00000000eb180000,0x00000000eb280000)
 ParOldGen       total 590336K, used 589944K [0x00000000c0000000, 0x00000000e4080000, 0x00000000eab00000)
  object space 590336K, 99% used [0x00000000c0000000,0x00000000e401e340,0x00000000e4080000)
 Metaspace       used 66765K, committed 68288K, reserved 1114112K
  class space    used 7069K, committed 7744K, reserved 1048576K
}
Event: 37.871 GC heap after
{Heap after GC invocations=792 (full 3):
 PSYoungGen      total 7680K, used 896K [0x00000000eab00000, 0x00000000eb380000, 0x0000000100000000)
  eden space 6656K, 0% used [0x00000000eab00000,0x00000000eab00000,0x00000000eb180000)
  from space 1024K, 87% used [0x00000000eb180000,0x00000000eb260000,0x00000000eb280000)
  to   space 1024K, 0% used [0x00000000eb280000,0x00000000eb280000,0x00000000eb380000)
 ParOldGen       total 590848K, used 590784K [0x00000000c0000000, 0x00000000e4100000, 0x00000000eab00000)
  object space 590848K, 99% used [0x00000000c0000000,0x00000000e40f0348,0x00000000e4100000)
 Metaspace       used 66765K, committed 68288K, reserved 1114112K
  class space    used 7069K, committed 7744K, reserved 1048576K
}
Event: 37.888 GC heap before
{Heap before GC invocations=793 (full 3):
 PSYoungGen      total 7680K, used 7552K [0x00000000eab00000, 0x00000000eb380000, 0x0000000100000000)
  eden space 6656K, 100% used [0x00000000eab00000,0x00000000eb180000,0x00000000eb180000)
  from space 1024K, 87% used [0x00000000eb180000,0x00000000eb260000,0x00000000eb280000)
  to   space 1024K, 0% used [0x00000000eb280000,0x00000000eb280000,0x00000000eb380000)
 ParOldGen       total 590848K, used 590784K [0x00000000c0000000, 0x00000000e4100000, 0x00000000eab00000)
  object space 590848K, 99% used [0x00000000c0000000,0x00000000e40f0348,0x00000000e4100000)
 Metaspace       used 66765K, committed 68288K, reserved 1114112K
  class space    used 7069K, committed 7744K, reserved 1048576K
}
Event: 37.890 GC heap after
{Heap after GC invocations=793 (full 3):
 PSYoungGen      total 7680K, used 832K [0x00000000eab00000, 0x00000000eb380000, 0x0000000100000000)
  eden space 6656K, 0% used [0x00000000eab00000,0x00000000eab00000,0x00000000eb180000)
  from space 1024K, 81% used [0x00000000eb280000,0x00000000eb350000,0x00000000eb380000)
  to   space 1024K, 0% used [0x00000000eb180000,0x00000000eb180000,0x00000000eb280000)
 ParOldGen       total 591872K, used 591528K [0x00000000c0000000, 0x00000000e4200000, 0x00000000eab00000)
  object space 591872K, 99% used [0x00000000c0000000,0x00000000e41aa348,0x00000000e4200000)
 Metaspace       used 66765K, committed 68288K, reserved 1114112K
  class space    used 7069K, committed 7744K, reserved 1048576K
}
Event: 37.907 GC heap before
{Heap before GC invocations=794 (full 3):
 PSYoungGen      total 7680K, used 7488K [0x00000000eab00000, 0x00000000eb380000, 0x0000000100000000)
  eden space 6656K, 100% used [0x00000000eab00000,0x00000000eb180000,0x00000000eb180000)
  from space 1024K, 81% used [0x00000000eb280000,0x00000000eb350000,0x00000000eb380000)
  to   space 1024K, 0% used [0x00000000eb180000,0x00000000eb180000,0x00000000eb280000)
 ParOldGen       total 591872K, used 591528K [0x00000000c0000000, 0x00000000e4200000, 0x00000000eab00000)
  object space 591872K, 99% used [0x00000000c0000000,0x00000000e41aa348,0x00000000e4200000)
 Metaspace       used 66765K, committed 68288K, reserved 1114112K
  class space    used 7069K, committed 7744K, reserved 1048576K
}
Event: 37.909 GC heap after
{Heap after GC invocations=794 (full 3):
 PSYoungGen      total 7680K, used 768K [0x00000000eab00000, 0x00000000eb380000, 0x0000000100000000)
  eden space 6656K, 0% used [0x00000000eab00000,0x00000000eab00000,0x00000000eb180000)
  from space 1024K, 75% used [0x00000000eb180000,0x00000000eb240000,0x00000000eb280000)
  to   space 1024K, 0% used [0x00000000eb280000,0x00000000eb280000,0x00000000eb380000)
 ParOldGen       total 592384K, used 592216K [0x00000000c0000000, 0x00000000e4280000, 0x00000000eab00000)
  object space 592384K, 99% used [0x00000000c0000000,0x00000000e4256348,0x00000000e4280000)
 Metaspace       used 66765K, committed 68288K, reserved 1114112K
  class space    used 7069K, committed 7744K, reserved 1048576K
}
Event: 37.923 GC heap before
{Heap before GC invocations=795 (full 3):
 PSYoungGen      total 7680K, used 7424K [0x00000000eab00000, 0x00000000eb380000, 0x0000000100000000)
  eden space 6656K, 100% used [0x00000000eab00000,0x00000000eb180000,0x00000000eb180000)
  from space 1024K, 75% used [0x00000000eb180000,0x00000000eb240000,0x00000000eb280000)
  to   space 1024K, 0% used [0x00000000eb280000,0x00000000eb280000,0x00000000eb380000)
 ParOldGen       total 592384K, used 592216K [0x00000000c0000000, 0x00000000e4280000, 0x00000000eab00000)
  object space 592384K, 99% used [0x00000000c0000000,0x00000000e4256348,0x00000000e4280000)
 Metaspace       used 66765K, committed 68288K, reserved 1114112K
  class space    used 7069K, committed 7744K, reserved 1048576K
}
Event: 37.925 GC heap after
{Heap after GC invocations=795 (full 3):
 PSYoungGen      total 7680K, used 832K [0x00000000eab00000, 0x00000000eb380000, 0x0000000100000000)
  eden space 6656K, 0% used [0x00000000eab00000,0x00000000eab00000,0x00000000eb180000)
  from space 1024K, 81% used [0x00000000eb280000,0x00000000eb350000,0x00000000eb380000)
  to   space 1024K, 0% used [0x00000000eb180000,0x00000000eb180000,0x00000000eb280000)
 ParOldGen       total 592896K, used 592848K [0x00000000c0000000, 0x00000000e4300000, 0x00000000eab00000)
  object space 592896K, 99% used [0x00000000c0000000,0x00000000e42f4348,0x00000000e4300000)
 Metaspace       used 66765K, committed 68288K, reserved 1114112K
  class space    used 7069K, committed 7744K, reserved 1048576K
}
Event: 37.941 GC heap before
{Heap before GC invocations=796 (full 3):
 PSYoungGen      total 7680K, used 7488K [0x00000000eab00000, 0x00000000eb380000, 0x0000000100000000)
  eden space 6656K, 100% used [0x00000000eab00000,0x00000000eb180000,0x00000000eb180000)
  from space 1024K, 81% used [0x00000000eb280000,0x00000000eb350000,0x00000000eb380000)
  to   space 1024K, 0% used [0x00000000eb180000,0x00000000eb180000,0x00000000eb280000)
 ParOldGen       total 592896K, used 592848K [0x00000000c0000000, 0x00000000e4300000, 0x00000000eab00000)
  object space 592896K, 99% used [0x00000000c0000000,0x00000000e42f4348,0x00000000e4300000)
 Metaspace       used 66765K, committed 68288K, reserved 1114112K
  class space    used 7069K, committed 7744K, reserved 1048576K
}
Event: 37.943 GC heap after
{Heap after GC invocations=796 (full 3):
 PSYoungGen      total 7680K, used 880K [0x00000000eab00000, 0x00000000eb380000, 0x0000000100000000)
  eden space 6656K, 0% used [0x00000000eab00000,0x00000000eab00000,0x00000000eb180000)
  from space 1024K, 85% used [0x00000000eb180000,0x00000000eb25c010,0x00000000eb280000)
  to   space 1024K, 0% used [0x00000000eb280000,0x00000000eb280000,0x00000000eb380000)
 ParOldGen       total 593920K, used 593563K [0x00000000c0000000, 0x00000000e4400000, 0x00000000eab00000)
  object space 593920K, 99% used [0x00000000c0000000,0x00000000e43a6f58,0x00000000e4400000)
 Metaspace       used 66765K, committed 68288K, reserved 1114112K
  class space    used 7069K, committed 7744K, reserved 1048576K
}
Event: 37.959 GC heap before
{Heap before GC invocations=797 (full 3):
 PSYoungGen      total 7680K, used 7536K [0x00000000eab00000, 0x00000000eb380000, 0x0000000100000000)
  eden space 6656K, 100% used [0x00000000eab00000,0x00000000eb180000,0x00000000eb180000)
  from space 1024K, 85% used [0x00000000eb180000,0x00000000eb25c010,0x00000000eb280000)
  to   space 1024K, 0% used [0x00000000eb280000,0x00000000eb280000,0x00000000eb380000)
 ParOldGen       total 593920K, used 593563K [0x00000000c0000000, 0x00000000e4400000, 0x00000000eab00000)
  object space 593920K, 99% used [0x00000000c0000000,0x00000000e43a6f58,0x00000000e4400000)
 Metaspace       used 66765K, committed 68288K, reserved 1114112K
  class space    used 7069K, committed 7744K, reserved 1048576K
}
Event: 37.960 GC heap after
{Heap after GC invocations=797 (full 3):
 PSYoungGen      total 7680K, used 928K [0x00000000eab00000, 0x00000000eb380000, 0x0000000100000000)
  eden space 6656K, 0% used [0x00000000eab00000,0x00000000eab00000,0x00000000eb180000)
  from space 1024K, 90% used [0x00000000eb280000,0x00000000eb368000,0x00000000eb380000)
  to   space 1024K, 0% used [0x00000000eb180000,0x00000000eb180000,0x00000000eb280000)
 ParOldGen       total 594432K, used 594259K [0x00000000c0000000, 0x00000000e4480000, 0x00000000eab00000)
  object space 594432K, 99% used [0x00000000c0000000,0x00000000e4454f58,0x00000000e4480000)
 Metaspace       used 66765K, committed 68288K, reserved 1114112K
  class space    used 7069K, committed 7744K, reserved 1048576K
}
Event: 37.993 GC heap before
{Heap before GC invocations=798 (full 3):
 PSYoungGen      total 7680K, used 7584K [0x00000000eab00000, 0x00000000eb380000, 0x0000000100000000)
  eden space 6656K, 100% used [0x00000000eab00000,0x00000000eb180000,0x00000000eb180000)
  from space 1024K, 90% used [0x00000000eb280000,0x00000000eb368000,0x00000000eb380000)
  to   space 1024K, 0% used [0x00000000eb180000,0x00000000eb180000,0x00000000eb280000)
 ParOldGen       total 594432K, used 594259K [0x00000000c0000000, 0x00000000e4480000, 0x00000000eab00000)
  object space 594432K, 99% used [0x00000000c0000000,0x00000000e4454f58,0x00000000e4480000)
 Metaspace       used 66765K, committed 68288K, reserved 1114112K
  class space    used 7069K, committed 7744K, reserved 1048576K
}
Event: 37.997 GC heap after
{Heap after GC invocations=798 (full 3):
 PSYoungGen      total 7680K, used 1013K [0x00000000eab00000, 0x00000000ebb80000, 0x0000000100000000)
  eden space 6656K, 0% used [0x00000000eab00000,0x00000000eab00000,0x00000000eb180000)
  from space 1024K, 98% used [0x00000000eb180000,0x00000000eb27d608,0x00000000eb280000)
  to   space 5120K, 0% used [0x00000000eb680000,0x00000000eb680000,0x00000000ebb80000)
 ParOldGen       total 598016K, used 597602K [0x00000000c0000000, 0x00000000e4800000, 0x00000000eab00000)
  object space 598016K, 99% used [0x00000000c0000000,0x00000000e4798988,0x00000000e4800000)
 Metaspace       used 66765K, committed 68288K, reserved 1114112K
  class space    used 7069K, committed 7744K, reserved 1048576K
}
Event: 38.067 GC heap before
{Heap before GC invocations=799 (full 3):
 PSYoungGen      total 7680K, used 7669K [0x00000000eab00000, 0x00000000ebb80000, 0x0000000100000000)
  eden space 6656K, 100% used [0x00000000eab00000,0x00000000eb180000,0x00000000eb180000)
  from space 1024K, 98% used [0x00000000eb180000,0x00000000eb27d608,0x00000000eb280000)
  to   space 5120K, 0% used [0x00000000eb680000,0x00000000eb680000,0x00000000ebb80000)
 ParOldGen       total 598016K, used 597602K [0x00000000c0000000, 0x00000000e4800000, 0x00000000eab00000)
  object space 598016K, 99% used [0x00000000c0000000,0x00000000e4798988,0x00000000e4800000)
 Metaspace       used 66765K, committed 68288K, reserved 1114112K
  class space    used 7069K, committed 7744K, reserved 1048576K
}
Event: 38.069 GC heap after
{Heap after GC invocations=799 (full 3):
 PSYoungGen      total 8192K, used 1170K [0x00000000eab00000, 0x00000000eb800000, 0x0000000100000000)
  eden space 6656K, 0% used [0x00000000eab00000,0x00000000eab00000,0x00000000eb180000)
  from space 1536K, 76% used [0x00000000eb680000,0x00000000eb7a4a20,0x00000000eb800000)
  to   space 2560K, 0% used [0x00000000eb300000,0x00000000eb300000,0x00000000eb580000)
 ParOldGen       total 598528K, used 598298K [0x00000000c0000000, 0x00000000e4880000, 0x00000000eab00000)
  object space 598528K, 99% used [0x00000000c0000000,0x00000000e4846990,0x00000000e4880000)
 Metaspace       used 66765K, committed 68288K, reserved 1114112K
  class space    used 7069K, committed 7744K, reserved 1048576K
}
Event: 38.108 GC heap before
{Heap before GC invocations=800 (full 3):
 PSYoungGen      total 8192K, used 7826K [0x00000000eab00000, 0x00000000eb800000, 0x0000000100000000)
  eden space 6656K, 100% used [0x00000000eab00000,0x00000000eb180000,0x00000000eb180000)
  from space 1536K, 76% used [0x00000000eb680000,0x00000000eb7a4a20,0x00000000eb800000)
  to   space 2560K, 0% used [0x00000000eb300000,0x00000000eb300000,0x00000000eb580000)
 ParOldGen       total 598528K, used 598298K [0x00000000c0000000, 0x00000000e4880000, 0x00000000eab00000)
  object space 598528K, 99% used [0x00000000c0000000,0x00000000e4846990,0x00000000e4880000)
 Metaspace       used 66766K, committed 68288K, reserved 1114112K
  class space    used 7069K, committed 7744K, reserved 1048576K
}
Event: 38.110 GC heap after
{Heap after GC invocations=800 (full 3):
 PSYoungGen      total 9216K, used 704K [0x00000000eab00000, 0x00000000eb700000, 0x0000000100000000)
  eden space 6656K, 0% used [0x00000000eab00000,0x00000000eab00000,0x00000000eb180000)
  from space 2560K, 27% used [0x00000000eb300000,0x00000000eb3b0000,0x00000000eb580000)
  to   space 1536K, 0% used [0x00000000eb580000,0x00000000eb580000,0x00000000eb700000)
 ParOldGen       total 599040K, used 598786K [0x00000000c0000000, 0x00000000e4900000, 0x00000000eab00000)
  object space 599040K, 99% used [0x00000000c0000000,0x00000000e48c0990,0x00000000e4900000)
 Metaspace       used 66766K, committed 68288K, reserved 1114112K
  class space    used 7069K, committed 7744K, reserved 1048576K
}

