# JRE version: OpenJDK Runtime Environment Temurin-21.0.7+6 (21.0.7+6) (build 21.0.7+6-LTS)
# Java VM: OpenJDK 64-Bit Server VM Temurin-21.0.7+6 (21.0.7+6-LTS, mixed mode, sharing, tiered, compressed oops, compressed class ptrs, parallel gc, windows-amd64)
GC Precious Log:
 CardTable entry size: 512
 CPUs: 12 total, 12 available
 Memory: 16068M
 Large Page Support: Disabled
 NUMA Support: Disabled
 Compressed Oops: Enabled (32-bit)
 Alignments: Space 512K, Generation 512K, Heap 2M
 Heap Min Capacity: 100M
 Heap Initial Capacity: 100M
 Heap Max Capacity: 1G
 Pre-touch: Disabled
 Parallel Workers: 10
Heap:
 PSYoungGen      total 10752K, used 5117K [0x00000000eab00000, 0x00000000eba80000, 0x0000000100000000)
  eden space 5632K, 0% used [0x00000000eab00000,0x00000000eab00000,0x00000000eb080000)
  from space 5120K, 99% used [0x00000000eb580000,0x00000000eba7f5e8,0x00000000eba80000)
  to   space 4608K, 0% used [0x00000000eb100000,0x00000000eb100000,0x00000000eb580000)
 ParOldGen       total 385024K, used 384814K [0x00000000c0000000, 0x00000000d7800000, 0x00000000eab00000)
  object space 385024K, 99% used [0x00000000c0000000,0x00000000d77cbb98,0x00000000d7800000)
 Metaspace       used 71604K, committed 73216K, reserved 1179648K
  class space    used 7339K, committed 8064K, reserved 1048576K
GC Heap History (20 events):
Event: 985.892 GC heap after
{Heap after GC invocations=1271 (full 4):
 PSYoungGen      total 9728K, used 4256K [0x00000000eab00000, 0x00000000eb900000, 0x0000000100000000)
  eden space 4608K, 0% used [0x00000000eab00000,0x00000000eab00000,0x00000000eaf80000)
  from space 5120K, 83% used [0x00000000eb400000,0x00000000eb828000,0x00000000eb900000)
  to   space 4608K, 0% used [0x00000000eaf80000,0x00000000eaf80000,0x00000000eb400000)
 ParOldGen       total 357888K, used 357505K [0x00000000c0000000, 0x00000000d5d80000, 0x00000000eab00000)
  object space 357888K, 99% used [0x00000000c0000000,0x00000000d5d20718,0x00000000d5d80000)
 Metaspace       used 71245K, committed 72832K, reserved 1179648K
  class space    used 7292K, committed 7936K, reserved 1048576K
}
Event: 985.906 GC heap before
{Heap before GC invocations=1272 (full 4):
 PSYoungGen      total 9728K, used 8702K [0x00000000eab00000, 0x00000000eb900000, 0x0000000100000000)
  eden space 4608K, 96% used [0x00000000eab00000,0x00000000eaf57a38,0x00000000eaf80000)
  from space 5120K, 83% used [0x00000000eb400000,0x00000000eb828000,0x00000000eb900000)
  to   space 4608K, 0% used [0x00000000eaf80000,0x00000000eaf80000,0x00000000eb400000)
 ParOldGen       total 357888K, used 357505K [0x00000000c0000000, 0x00000000d5d80000, 0x00000000eab00000)
  object space 357888K, 99% used [0x00000000c0000000,0x00000000d5d20718,0x00000000d5d80000)
 Metaspace       used 71245K, committed 72832K, reserved 1179648K
  class space    used 7292K, committed 7936K, reserved 1048576K
}
Event: 985.910 GC heap after
{Heap after GC invocations=1272 (full 4):
 PSYoungGen      total 9216K, used 4192K [0x00000000eab00000, 0x00000000eb980000, 0x0000000100000000)
  eden space 4608K, 0% used [0x00000000eab00000,0x00000000eab00000,0x00000000eaf80000)
  from space 4608K, 90% used [0x00000000eaf80000,0x00000000eb398000,0x00000000eb400000)
  to   space 4608K, 0% used [0x00000000eb500000,0x00000000eb500000,0x00000000eb980000)
 ParOldGen       total 361984K, used 361657K [0x00000000c0000000, 0x00000000d6180000, 0x00000000eab00000)
  object space 361984K, 99% used [0x00000000c0000000,0x00000000d612e718,0x00000000d6180000)
 Metaspace       used 71245K, committed 72832K, reserved 1179648K
  class space    used 7292K, committed 7936K, reserved 1048576K
}
Event: 986.060 GC heap before
{Heap before GC invocations=1273 (full 4):
 PSYoungGen      total 9216K, used 8786K [0x00000000eab00000, 0x00000000eb980000, 0x0000000100000000)
  eden space 4608K, 99% used [0x00000000eab00000,0x00000000eaf7ca60,0x00000000eaf80000)
  from space 4608K, 90% used [0x00000000eaf80000,0x00000000eb398000,0x00000000eb400000)
  to   space 4608K, 0% used [0x00000000eb500000,0x00000000eb500000,0x00000000eb980000)
 ParOldGen       total 361984K, used 361657K [0x00000000c0000000, 0x00000000d6180000, 0x00000000eab00000)
  object space 361984K, 99% used [0x00000000c0000000,0x00000000d612e718,0x00000000d6180000)
 Metaspace       used 71254K, committed 72832K, reserved 1179648K
  class space    used 7292K, committed 7936K, reserved 1048576K
}
Event: 986.068 GC heap after
{Heap after GC invocations=1273 (full 4):
 PSYoungGen      total 7168K, used 1428K [0x00000000eab00000, 0x00000000eb680000, 0x0000000100000000)
  eden space 5632K, 0% used [0x00000000eab00000,0x00000000eab00000,0x00000000eb080000)
  from space 1536K, 93% used [0x00000000eb500000,0x00000000eb665250,0x00000000eb680000)
  to   space 2560K, 0% used [0x00000000eb180000,0x00000000eb180000,0x00000000eb400000)
 ParOldGen       total 365568K, used 365401K [0x00000000c0000000, 0x00000000d6500000, 0x00000000eab00000)
  object space 365568K, 99% used [0x00000000c0000000,0x00000000d64d6718,0x00000000d6500000)
 Metaspace       used 71254K, committed 72832K, reserved 1179648K
  class space    used 7292K, committed 7936K, reserved 1048576K
}
Event: 986.251 GC heap before
{Heap before GC invocations=1274 (full 4):
 PSYoungGen      total 7168K, used 7060K [0x00000000eab00000, 0x00000000eb680000, 0x0000000100000000)
  eden space 5632K, 100% used [0x00000000eab00000,0x00000000eb080000,0x00000000eb080000)
  from space 1536K, 93% used [0x00000000eb500000,0x00000000eb665250,0x00000000eb680000)
  to   space 2560K, 0% used [0x00000000eb180000,0x00000000eb180000,0x00000000eb400000)
 ParOldGen       total 365568K, used 365401K [0x00000000c0000000, 0x00000000d6500000, 0x00000000eab00000)
  object space 365568K, 99% used [0x00000000c0000000,0x00000000d64d6718,0x00000000d6500000)
 Metaspace       used 71263K, committed 72832K, reserved 1179648K
  class space    used 7293K, committed 7936K, reserved 1048576K
}
Event: 987.255 GC heap after
{Heap after GC invocations=1274 (full 4):
 PSYoungGen      total 8192K, used 2556K [0x00000000eab00000, 0x00000000ebc80000, 0x0000000100000000)
  eden space 5632K, 0% used [0x00000000eab00000,0x00000000eab00000,0x00000000eb080000)
  from space 2560K, 99% used [0x00000000eb180000,0x00000000eb3ff058,0x00000000eb400000)
  to   space 6144K, 0% used [0x00000000eb680000,0x00000000eb680000,0x00000000ebc80000)
 ParOldGen       total 368128K, used 367873K [0x00000000c0000000, 0x00000000d6780000, 0x00000000eab00000)
  object space 368128K, 99% used [0x00000000c0000000,0x00000000d67405b8,0x00000000d6780000)
 Metaspace       used 71263K, committed 72832K, reserved 1179648K
  class space    used 7293K, committed 7936K, reserved 1048576K
}
Event: 987.532 GC heap before
{Heap before GC invocations=1275 (full 4):
 PSYoungGen      total 8192K, used 8188K [0x00000000eab00000, 0x00000000ebc80000, 0x0000000100000000)
  eden space 5632K, 100% used [0x00000000eab00000,0x00000000eb080000,0x00000000eb080000)
  from space 2560K, 99% used [0x00000000eb180000,0x00000000eb3ff058,0x00000000eb400000)
  to   space 6144K, 0% used [0x00000000eb680000,0x00000000eb680000,0x00000000ebc80000)
 ParOldGen       total 368128K, used 367873K [0x00000000c0000000, 0x00000000d6780000, 0x00000000eab00000)
  object space 368128K, 99% used [0x00000000c0000000,0x00000000d67405b8,0x00000000d6780000)
 Metaspace       used 71379K, committed 72960K, reserved 1179648K
  class space    used 7312K, committed 8000K, reserved 1048576K
}
Event: 987.536 GC heap after
{Heap after GC invocations=1275 (full 4):
 PSYoungGen      total 6656K, used 804K [0x00000000eab00000, 0x00000000eb780000, 0x0000000100000000)
  eden space 5632K, 0% used [0x00000000eab00000,0x00000000eab00000,0x00000000eb080000)
  from space 1024K, 78% used [0x00000000eb680000,0x00000000eb749230,0x00000000eb780000)
  to   space 2560K, 0% used [0x00000000eb280000,0x00000000eb280000,0x00000000eb500000)
 ParOldGen       total 368128K, used 367961K [0x00000000c0000000, 0x00000000d6780000, 0x00000000eab00000)
  object space 368128K, 99% used [0x00000000c0000000,0x00000000d67565b8,0x00000000d6780000)
 Metaspace       used 71379K, committed 72960K, reserved 1179648K
  class space    used 7312K, committed 8000K, reserved 1048576K
}
Event: 988.337 GC heap before
{Heap before GC invocations=1276 (full 4):
 PSYoungGen      total 6656K, used 6436K [0x00000000eab00000, 0x00000000eb780000, 0x0000000100000000)
  eden space 5632K, 99% used [0x00000000eab00000,0x00000000eb07ffb8,0x00000000eb080000)
  from space 1024K, 78% used [0x00000000eb680000,0x00000000eb749230,0x00000000eb780000)
  to   space 2560K, 0% used [0x00000000eb280000,0x00000000eb280000,0x00000000eb500000)
 ParOldGen       total 368128K, used 367961K [0x00000000c0000000, 0x00000000d6780000, 0x00000000eab00000)
  object space 368128K, 99% used [0x00000000c0000000,0x00000000d67565b8,0x00000000d6780000)
 Metaspace       used 71547K, committed 73152K, reserved 1179648K
  class space    used 7337K, committed 8064K, reserved 1048576K
}
Event: 988.339 GC heap after
{Heap after GC invocations=1276 (full 4):
 PSYoungGen      total 8192K, used 378K [0x00000000eab00000, 0x00000000eb700000, 0x0000000100000000)
  eden space 5632K, 0% used [0x00000000eab00000,0x00000000eab00000,0x00000000eb080000)
  from space 2560K, 14% used [0x00000000eb280000,0x00000000eb2de900,0x00000000eb500000)
  to   space 1024K, 0% used [0x00000000eb600000,0x00000000eb600000,0x00000000eb700000)
 ParOldGen       total 368640K, used 368517K [0x00000000c0000000, 0x00000000d6800000, 0x00000000eab00000)
  object space 368640K, 99% used [0x00000000c0000000,0x00000000d67e17e8,0x00000000d6800000)
 Metaspace       used 71547K, committed 73152K, reserved 1179648K
  class space    used 7337K, committed 8064K, reserved 1048576K
}
Event: 1006.517 GC heap before
{Heap before GC invocations=1277 (full 4):
 PSYoungGen      total 8192K, used 6010K [0x00000000eab00000, 0x00000000eb700000, 0x0000000100000000)
  eden space 5632K, 100% used [0x00000000eab00000,0x00000000eb080000,0x00000000eb080000)
  from space 2560K, 14% used [0x00000000eb280000,0x00000000eb2de900,0x00000000eb500000)
  to   space 1024K, 0% used [0x00000000eb600000,0x00000000eb600000,0x00000000eb700000)
 ParOldGen       total 368640K, used 368517K [0x00000000c0000000, 0x00000000d6800000, 0x00000000eab00000)
  object space 368640K, 99% used [0x00000000c0000000,0x00000000d67e17e8,0x00000000d6800000)
 Metaspace       used 71579K, committed 73216K, reserved 1179648K
  class space    used 7337K, committed 8064K, reserved 1048576K
}
Event: 1006.518 GC heap after
{Heap after GC invocations=1277 (full 4):
 PSYoungGen      total 6656K, used 992K [0x00000000eab00000, 0x00000000eb700000, 0x0000000100000000)
  eden space 5632K, 0% used [0x00000000eab00000,0x00000000eab00000,0x00000000eb080000)
  from space 1024K, 96% used [0x00000000eb600000,0x00000000eb6f8190,0x00000000eb700000)
  to   space 2048K, 0% used [0x00000000eb300000,0x00000000eb300000,0x00000000eb500000)
 ParOldGen       total 369664K, used 369182K [0x00000000c0000000, 0x00000000d6900000, 0x00000000eab00000)
  object space 369664K, 99% used [0x00000000c0000000,0x00000000d6887978,0x00000000d6900000)
 Metaspace       used 71579K, committed 73216K, reserved 1179648K
  class space    used 7337K, committed 8064K, reserved 1048576K
}
Event: 1006.549 GC heap before
{Heap before GC invocations=1278 (full 4):
 PSYoungGen      total 6656K, used 6624K [0x00000000eab00000, 0x00000000eb700000, 0x0000000100000000)
  eden space 5632K, 100% used [0x00000000eab00000,0x00000000eb080000,0x00000000eb080000)
  from space 1024K, 96% used [0x00000000eb600000,0x00000000eb6f8190,0x00000000eb700000)
  to   space 2048K, 0% used [0x00000000eb300000,0x00000000eb300000,0x00000000eb500000)
 ParOldGen       total 369664K, used 369182K [0x00000000c0000000, 0x00000000d6900000, 0x00000000eab00000)
  object space 369664K, 99% used [0x00000000c0000000,0x00000000d6887978,0x00000000d6900000)
 Metaspace       used 71586K, committed 73216K, reserved 1179648K
  class space    used 7337K, committed 8064K, reserved 1048576K
}
Event: 1007.554 GC heap after
{Heap after GC invocations=1278 (full 4):
 PSYoungGen      total 7680K, used 2048K [0x00000000eab00000, 0x00000000ebe80000, 0x0000000100000000)
  eden space 5632K, 0% used [0x00000000eab00000,0x00000000eab00000,0x00000000eb080000)
  from space 2048K, 100% used [0x00000000eb300000,0x00000000eb500000,0x00000000eb500000)
  to   space 7168K, 0% used [0x00000000eb780000,0x00000000eb780000,0x00000000ebe80000)
 ParOldGen       total 373760K, used 373358K [0x00000000c0000000, 0x00000000d6d00000, 0x00000000eab00000)
  object space 373760K, 99% used [0x00000000c0000000,0x00000000d6c9bb18,0x00000000d6d00000)
 Metaspace       used 71586K, committed 73216K, reserved 1179648K
  class space    used 7337K, committed 8064K, reserved 1048576K
}
Event: 1007.571 GC heap before
{Heap before GC invocations=1279 (full 4):
 PSYoungGen      total 7680K, used 7680K [0x00000000eab00000, 0x00000000ebe80000, 0x0000000100000000)
  eden space 5632K, 100% used [0x00000000eab00000,0x00000000eb080000,0x00000000eb080000)
  from space 2048K, 100% used [0x00000000eb300000,0x00000000eb500000,0x00000000eb500000)
  to   space 7168K, 0% used [0x00000000eb780000,0x00000000eb780000,0x00000000ebe80000)
 ParOldGen       total 373760K, used 373358K [0x00000000c0000000, 0x00000000d6d00000, 0x00000000eab00000)
  object space 373760K, 99% used [0x00000000c0000000,0x00000000d6c9bb18,0x00000000d6d00000)
 Metaspace       used 71599K, committed 73216K, reserved 1179648K
  class space    used 7339K, committed 8064K, reserved 1048576K
}
Event: 1007.577 GC heap after
{Heap after GC invocations=1279 (full 4):
 PSYoungGen      total 11264K, used 5376K [0x00000000eab00000, 0x00000000ebd00000, 0x0000000100000000)
  eden space 5632K, 0% used [0x00000000eab00000,0x00000000eab00000,0x00000000eb080000)
  from space 5632K, 95% used [0x00000000eb780000,0x00000000ebcc0000,0x00000000ebd00000)
  to   space 6144K, 0% used [0x00000000eb100000,0x00000000eb100000,0x00000000eb700000)
 ParOldGen       total 375808K, used 375430K [0x00000000c0000000, 0x00000000d6f00000, 0x00000000eab00000)
  object space 375808K, 99% used [0x00000000c0000000,0x00000000d6ea1b28,0x00000000d6f00000)
 Metaspace       used 71599K, committed 73216K, reserved 1179648K
  class space    used 7339K, committed 8064K, reserved 1048576K
}
Event: 1007.591 GC heap before
{Heap before GC invocations=1280 (full 4):
 PSYoungGen      total 11264K, used 11007K [0x00000000eab00000, 0x00000000ebd00000, 0x0000000100000000)
  eden space 5632K, 99% used [0x00000000eab00000,0x00000000eb07fff0,0x00000000eb080000)
  from space 5632K, 95% used [0x00000000eb780000,0x00000000ebcc0000,0x00000000ebd00000)
  to   space 6144K, 0% used [0x00000000eb100000,0x00000000eb100000,0x00000000eb700000)
 ParOldGen       total 375808K, used 375430K [0x00000000c0000000, 0x00000000d6f00000, 0x00000000eab00000)
  object space 375808K, 99% used [0x00000000c0000000,0x00000000d6ea1b28,0x00000000d6f00000)
 Metaspace       used 71603K, committed 73216K, reserved 1179648K
  class space    used 7339K, committed 8064K, reserved 1048576K
}
Event: 1007.596 GC heap after
{Heap after GC invocations=1280 (full 4):
 PSYoungGen      total 10240K, used 4352K [0x00000000eab00000, 0x00000000eba80000, 0x0000000100000000)
  eden space 5632K, 0% used [0x00000000eab00000,0x00000000eab00000,0x00000000eb080000)
  from space 4608K, 94% used [0x00000000eb100000,0x00000000eb540030,0x00000000eb580000)
  to   space 5120K, 0% used [0x00000000eb580000,0x00000000eb580000,0x00000000eba80000)
 ParOldGen       total 380928K, used 380702K [0x00000000c0000000, 0x00000000d7400000, 0x00000000eab00000)
  object space 380928K, 99% used [0x00000000c0000000,0x00000000d73c7b28,0x00000000d7400000)
 Metaspace       used 71603K, committed 73216K, reserved 1179648K
  class space    used 7339K, committed 8064K, reserved 1048576K
}
Event: 1007.653 GC heap before
{Heap before GC invocations=1281 (full 4):
 PSYoungGen      total 10240K, used 9984K [0x00000000eab00000, 0x00000000eba80000, 0x0000000100000000)
  eden space 5632K, 100% used [0x00000000eab00000,0x00000000eb080000,0x00000000eb080000)
  from space 4608K, 94% used [0x00000000eb100000,0x00000000eb540030,0x00000000eb580000)
  to   space 5120K, 0% used [0x00000000eb580000,0x00000000eb580000,0x00000000eba80000)
 ParOldGen       total 380928K, used 380702K [0x00000000c0000000, 0x00000000d7400000, 0x00000000eab00000)
  object space 380928K, 99% used [0x00000000c0000000,0x00000000d73c7b28,0x00000000d7400000)
 Metaspace       used 71604K, committed 73216K, reserved 1179648K
  class space    used 7339K, committed 8064K, reserved 1048576K
}

