# JRE version: OpenJDK Runtime Environment Temurin-21.0.7+6 (21.0.7+6) (build 21.0.7+6-LTS)
# Java VM: OpenJDK 64-Bit Server VM Temurin-21.0.7+6 (21.0.7+6-LTS, mixed mode, sharing, tiered, compressed oops, compressed class ptrs, parallel gc, windows-amd64)
GC Precious Log:
 CardTable entry size: 512
 CPUs: 12 total, 12 available
 Memory: 16068M
 Large Page Support: Disabled
 NUMA Support: Disabled
 Compressed Oops: Enabled (32-bit)
 Alignments: Space 512K, Generation 512K, Heap 2M
 Heap Min Capacity: 100M
 Heap Initial Capacity: 100M
 Heap Max Capacity: 1G
 Pre-touch: Disabled
 Parallel Workers: 10
Heap:
 PSYoungGen      total 5120K, used 4724K [0x00000000eab00000, 0x00000000eb300000, 0x0000000100000000)
  eden space 3072K, 100% used [0x00000000eab00000,0x00000000eae00000,0x00000000eae00000)
  from space 2048K, 80% used [0x00000000eae00000,0x00000000eaf9d000,0x00000000eb000000)
  to   space 2048K, 53% used [0x00000000eb100000,0x00000000eb210000,0x00000000eb300000)
 ParOldGen       total 407040K, used 406816K [0x00000000c0000000, 0x00000000d8d80000, 0x00000000eab00000)
  object space 407040K, 99% used [0x00000000c0000000,0x00000000d8d48008,0x00000000d8d80000)
 Metaspace       used 57013K, committed 58432K, reserved 1114112K
  class space    used 6026K, committed 6656K, reserved 1048576K
GC Heap History (20 events):
Event: 10.458 GC heap after
{Heap after GC invocations=374 (full 2):
 PSYoungGen      total 5120K, used 2363K [0x00000000eab00000, 0x00000000eb280000, 0x0000000100000000)
  eden space 2560K, 0% used [0x00000000eab00000,0x00000000eab00000,0x00000000ead80000)
  from space 2560K, 92% used [0x00000000eb000000,0x00000000eb24ef70,0x00000000eb280000)
  to   space 2560K, 0% used [0x00000000ead80000,0x00000000ead80000,0x00000000eb000000)
 ParOldGen       total 390656K, used 390334K [0x00000000c0000000, 0x00000000d7d80000, 0x00000000eab00000)
  object space 390656K, 99% used [0x00000000c0000000,0x00000000d7d2f920,0x00000000d7d80000)
 Metaspace       used 56399K, committed 57792K, reserved 1114112K
  class space    used 5949K, committed 6592K, reserved 1048576K
}
Event: 10.490 GC heap before
{Heap before GC invocations=375 (full 2):
 PSYoungGen      total 5120K, used 4923K [0x00000000eab00000, 0x00000000eb280000, 0x0000000100000000)
  eden space 2560K, 100% used [0x00000000eab00000,0x00000000ead80000,0x00000000ead80000)
  from space 2560K, 92% used [0x00000000eb000000,0x00000000eb24ef70,0x00000000eb280000)
  to   space 2560K, 0% used [0x00000000ead80000,0x00000000ead80000,0x00000000eb000000)
 ParOldGen       total 390656K, used 390334K [0x00000000c0000000, 0x00000000d7d80000, 0x00000000eab00000)
  object space 390656K, 99% used [0x00000000c0000000,0x00000000d7d2f920,0x00000000d7d80000)
 Metaspace       used 56403K, committed 57792K, reserved 1114112K
  class space    used 5949K, committed 6592K, reserved 1048576K
}
Event: 10.494 GC heap after
{Heap after GC invocations=375 (full 2):
 PSYoungGen      total 5120K, used 2295K [0x00000000eab00000, 0x00000000eb280000, 0x0000000100000000)
  eden space 2560K, 0% used [0x00000000eab00000,0x00000000eab00000,0x00000000ead80000)
  from space 2560K, 89% used [0x00000000ead80000,0x00000000eafbdc98,0x00000000eb000000)
  to   space 2560K, 0% used [0x00000000eb000000,0x00000000eb000000,0x00000000eb280000)
 ParOldGen       total 393216K, used 392600K [0x00000000c0000000, 0x00000000d8000000, 0x00000000eab00000)
  object space 393216K, 99% used [0x00000000c0000000,0x00000000d7f66328,0x00000000d8000000)
 Metaspace       used 56403K, committed 57792K, reserved 1114112K
  class space    used 5949K, committed 6592K, reserved 1048576K
}
Event: 10.524 GC heap before
{Heap before GC invocations=376 (full 2):
 PSYoungGen      total 5120K, used 4677K [0x00000000eab00000, 0x00000000eb280000, 0x0000000100000000)
  eden space 2560K, 93% used [0x00000000eab00000,0x00000000ead538f0,0x00000000ead80000)
  from space 2560K, 89% used [0x00000000ead80000,0x00000000eafbdc98,0x00000000eb000000)
  to   space 2560K, 0% used [0x00000000eb000000,0x00000000eb000000,0x00000000eb280000)
 ParOldGen       total 393216K, used 392600K [0x00000000c0000000, 0x00000000d8000000, 0x00000000eab00000)
  object space 393216K, 99% used [0x00000000c0000000,0x00000000d7f66328,0x00000000d8000000)
 Metaspace       used 56436K, committed 57856K, reserved 1114112K
  class space    used 5956K, committed 6592K, reserved 1048576K
}
Event: 10.530 GC heap after
{Heap after GC invocations=376 (full 2):
 PSYoungGen      total 5120K, used 1939K [0x00000000eab00000, 0x00000000eb280000, 0x0000000100000000)
  eden space 2560K, 0% used [0x00000000eab00000,0x00000000eab00000,0x00000000ead80000)
  from space 2560K, 75% used [0x00000000eb000000,0x00000000eb1e4e28,0x00000000eb280000)
  to   space 2560K, 0% used [0x00000000ead80000,0x00000000ead80000,0x00000000eb000000)
 ParOldGen       total 395264K, used 394801K [0x00000000c0000000, 0x00000000d8200000, 0x00000000eab00000)
  object space 395264K, 99% used [0x00000000c0000000,0x00000000d818c450,0x00000000d8200000)
 Metaspace       used 56436K, committed 57856K, reserved 1114112K
  class space    used 5956K, committed 6592K, reserved 1048576K
}
Event: 10.551 GC heap before
{Heap before GC invocations=377 (full 2):
 PSYoungGen      total 5120K, used 4492K [0x00000000eab00000, 0x00000000eb280000, 0x0000000100000000)
  eden space 2560K, 99% used [0x00000000eab00000,0x00000000ead7e368,0x00000000ead80000)
  from space 2560K, 75% used [0x00000000eb000000,0x00000000eb1e4e28,0x00000000eb280000)
  to   space 2560K, 0% used [0x00000000ead80000,0x00000000ead80000,0x00000000eb000000)
 ParOldGen       total 395264K, used 394801K [0x00000000c0000000, 0x00000000d8200000, 0x00000000eab00000)
  object space 395264K, 99% used [0x00000000c0000000,0x00000000d818c450,0x00000000d8200000)
 Metaspace       used 56544K, committed 57984K, reserved 1114112K
  class space    used 5967K, committed 6592K, reserved 1048576K
}
Event: 10.556 GC heap after
{Heap after GC invocations=377 (full 2):
 PSYoungGen      total 4608K, used 1918K [0x00000000eab00000, 0x00000000eb180000, 0x0000000100000000)
  eden space 2560K, 0% used [0x00000000eab00000,0x00000000eab00000,0x00000000ead80000)
  from space 2048K, 93% used [0x00000000ead80000,0x00000000eaf5fa18,0x00000000eaf80000)
  to   space 2048K, 0% used [0x00000000eaf80000,0x00000000eaf80000,0x00000000eb180000)
 ParOldGen       total 396800K, used 396624K [0x00000000c0000000, 0x00000000d8380000, 0x00000000eab00000)
  object space 396800K, 99% used [0x00000000c0000000,0x00000000d83541b8,0x00000000d8380000)
 Metaspace       used 56544K, committed 57984K, reserved 1114112K
  class space    used 5967K, committed 6592K, reserved 1048576K
}
Event: 10.593 GC heap before
{Heap before GC invocations=378 (full 2):
 PSYoungGen      total 4608K, used 4271K [0x00000000eab00000, 0x00000000eb180000, 0x0000000100000000)
  eden space 2560K, 91% used [0x00000000eab00000,0x00000000ead4c5c0,0x00000000ead80000)
  from space 2048K, 93% used [0x00000000ead80000,0x00000000eaf5fa18,0x00000000eaf80000)
  to   space 2048K, 0% used [0x00000000eaf80000,0x00000000eaf80000,0x00000000eb180000)
 ParOldGen       total 396800K, used 396624K [0x00000000c0000000, 0x00000000d8380000, 0x00000000eab00000)
  object space 396800K, 99% used [0x00000000c0000000,0x00000000d83541b8,0x00000000d8380000)
 Metaspace       used 56705K, committed 58176K, reserved 1114112K
  class space    used 5983K, committed 6656K, reserved 1048576K
}
Event: 10.599 GC heap after
{Heap after GC invocations=378 (full 2):
 PSYoungGen      total 4096K, used 1255K [0x00000000eab00000, 0x00000000eb100000, 0x0000000100000000)
  eden space 2560K, 0% used [0x00000000eab00000,0x00000000eab00000,0x00000000ead80000)
  from space 1536K, 81% used [0x00000000eaf80000,0x00000000eb0b9fa0,0x00000000eb100000)
  to   space 1536K, 0% used [0x00000000eae00000,0x00000000eae00000,0x00000000eaf80000)
 ParOldGen       total 398848K, used 398405K [0x00000000c0000000, 0x00000000d8580000, 0x00000000eab00000)
  object space 398848K, 99% used [0x00000000c0000000,0x00000000d8511618,0x00000000d8580000)
 Metaspace       used 56705K, committed 58176K, reserved 1114112K
  class space    used 5983K, committed 6656K, reserved 1048576K
}
Event: 10.637 GC heap before
{Heap before GC invocations=379 (full 2):
 PSYoungGen      total 4096K, used 3813K [0x00000000eab00000, 0x00000000eb100000, 0x0000000100000000)
  eden space 2560K, 99% used [0x00000000eab00000,0x00000000ead7f4d0,0x00000000ead80000)
  from space 1536K, 81% used [0x00000000eaf80000,0x00000000eb0b9fa0,0x00000000eb100000)
  to   space 1536K, 0% used [0x00000000eae00000,0x00000000eae00000,0x00000000eaf80000)
 ParOldGen       total 398848K, used 398405K [0x00000000c0000000, 0x00000000d8580000, 0x00000000eab00000)
  object space 398848K, 99% used [0x00000000c0000000,0x00000000d8511618,0x00000000d8580000)
 Metaspace       used 56762K, committed 58240K, reserved 1114112K
  class space    used 5998K, committed 6656K, reserved 1048576K
}
Event: 10.644 GC heap after
{Heap after GC invocations=379 (full 2):
 PSYoungGen      total 4096K, used 1511K [0x00000000eab00000, 0x00000000eb480000, 0x0000000100000000)
  eden space 2560K, 0% used [0x00000000eab00000,0x00000000eab00000,0x00000000ead80000)
  from space 1536K, 98% used [0x00000000eae00000,0x00000000eaf79fa0,0x00000000eaf80000)
  to   space 3584K, 0% used [0x00000000eb100000,0x00000000eb100000,0x00000000eb480000)
 ParOldGen       total 399872K, used 399846K [0x00000000c0000000, 0x00000000d8680000, 0x00000000eab00000)
  object space 399872K, 99% used [0x00000000c0000000,0x00000000d8679a58,0x00000000d8680000)
 Metaspace       used 56762K, committed 58240K, reserved 1114112K
  class space    used 5998K, committed 6656K, reserved 1048576K
}
Event: 10.669 GC heap before
{Heap before GC invocations=380 (full 2):
 PSYoungGen      total 4096K, used 4071K [0x00000000eab00000, 0x00000000eb480000, 0x0000000100000000)
  eden space 2560K, 100% used [0x00000000eab00000,0x00000000ead80000,0x00000000ead80000)
  from space 1536K, 98% used [0x00000000eae00000,0x00000000eaf79fa0,0x00000000eaf80000)
  to   space 3584K, 0% used [0x00000000eb100000,0x00000000eb100000,0x00000000eb480000)
 ParOldGen       total 399872K, used 399846K [0x00000000c0000000, 0x00000000d8680000, 0x00000000eab00000)
  object space 399872K, 99% used [0x00000000c0000000,0x00000000d8679a58,0x00000000d8680000)
 Metaspace       used 56814K, committed 58240K, reserved 1114112K
  class space    used 6004K, committed 6656K, reserved 1048576K
}
Event: 10.673 GC heap after
{Heap after GC invocations=380 (full 2):
 PSYoungGen      total 4096K, used 1203K [0x00000000eab00000, 0x00000000eb280000, 0x0000000100000000)
  eden space 2560K, 0% used [0x00000000eab00000,0x00000000eab00000,0x00000000ead80000)
  from space 1536K, 78% used [0x00000000eb100000,0x00000000eb22cfd0,0x00000000eb280000)
  to   space 2048K, 0% used [0x00000000eae80000,0x00000000eae80000,0x00000000eb080000)
 ParOldGen       total 401408K, used 401361K [0x00000000c0000000, 0x00000000d8800000, 0x00000000eab00000)
  object space 401408K, 99% used [0x00000000c0000000,0x00000000d87f4488,0x00000000d8800000)
 Metaspace       used 56814K, committed 58240K, reserved 1114112K
  class space    used 6004K, committed 6656K, reserved 1048576K
}
Event: 10.715 GC heap before
{Heap before GC invocations=381 (full 2):
 PSYoungGen      total 4096K, used 3763K [0x00000000eab00000, 0x00000000eb280000, 0x0000000100000000)
  eden space 2560K, 100% used [0x00000000eab00000,0x00000000ead80000,0x00000000ead80000)
  from space 1536K, 78% used [0x00000000eb100000,0x00000000eb22cfd0,0x00000000eb280000)
  to   space 2048K, 0% used [0x00000000eae80000,0x00000000eae80000,0x00000000eb080000)
 ParOldGen       total 401408K, used 401361K [0x00000000c0000000, 0x00000000d8800000, 0x00000000eab00000)
  object space 401408K, 99% used [0x00000000c0000000,0x00000000d87f4488,0x00000000d8800000)
 Metaspace       used 56832K, committed 58240K, reserved 1114112K
  class space    used 6006K, committed 6656K, reserved 1048576K
}
Event: 10.723 GC heap after
{Heap after GC invocations=381 (full 2):
 PSYoungGen      total 4608K, used 1991K [0x00000000eab00000, 0x00000000eb280000, 0x0000000100000000)
  eden space 2560K, 0% used [0x00000000eab00000,0x00000000eab00000,0x00000000ead80000)
  from space 2048K, 97% used [0x00000000eae80000,0x00000000eb071d80,0x00000000eb080000)
  to   space 2048K, 0% used [0x00000000eb080000,0x00000000eb080000,0x00000000eb280000)
 ParOldGen       total 402432K, used 402430K [0x00000000c0000000, 0x00000000d8900000, 0x00000000eab00000)
  object space 402432K, 99% used [0x00000000c0000000,0x00000000d88ff9a0,0x00000000d8900000)
 Metaspace       used 56832K, committed 58240K, reserved 1114112K
  class space    used 6006K, committed 6656K, reserved 1048576K
}
Event: 10.760 GC heap before
{Heap before GC invocations=382 (full 2):
 PSYoungGen      total 4608K, used 4551K [0x00000000eab00000, 0x00000000eb280000, 0x0000000100000000)
  eden space 2560K, 100% used [0x00000000eab00000,0x00000000ead80000,0x00000000ead80000)
  from space 2048K, 97% used [0x00000000eae80000,0x00000000eb071d80,0x00000000eb080000)
  to   space 2048K, 0% used [0x00000000eb080000,0x00000000eb080000,0x00000000eb280000)
 ParOldGen       total 402432K, used 402430K [0x00000000c0000000, 0x00000000d8900000, 0x00000000eab00000)
  object space 402432K, 99% used [0x00000000c0000000,0x00000000d88ff9a0,0x00000000d8900000)
 Metaspace       used 56887K, committed 58304K, reserved 1114112K
  class space    used 6013K, committed 6656K, reserved 1048576K
}
Event: 11.781 GC heap after
{Heap after GC invocations=382 (full 2):
 PSYoungGen      total 4608K, used 1391K [0x00000000eab00000, 0x00000000eb200000, 0x0000000100000000)
  eden space 3072K, 0% used [0x00000000eab00000,0x00000000eab00000,0x00000000eae00000)
  from space 1536K, 90% used [0x00000000eb080000,0x00000000eb1dbf40,0x00000000eb200000)
  to   space 2048K, 0% used [0x00000000eae00000,0x00000000eae00000,0x00000000eb000000)
 ParOldGen       total 404480K, used 404177K [0x00000000c0000000, 0x00000000d8b00000, 0x00000000eab00000)
  object space 404480K, 99% used [0x00000000c0000000,0x00000000d8ab4660,0x00000000d8b00000)
 Metaspace       used 56887K, committed 58304K, reserved 1114112K
  class space    used 6013K, committed 6656K, reserved 1048576K
}
Event: 11.802 GC heap before
{Heap before GC invocations=383 (full 2):
 PSYoungGen      total 4608K, used 4463K [0x00000000eab00000, 0x00000000eb200000, 0x0000000100000000)
  eden space 3072K, 100% used [0x00000000eab00000,0x00000000eae00000,0x00000000eae00000)
  from space 1536K, 90% used [0x00000000eb080000,0x00000000eb1dbf40,0x00000000eb200000)
  to   space 2048K, 0% used [0x00000000eae00000,0x00000000eae00000,0x00000000eb000000)
 ParOldGen       total 404480K, used 404177K [0x00000000c0000000, 0x00000000d8b00000, 0x00000000eab00000)
  object space 404480K, 99% used [0x00000000c0000000,0x00000000d8ab4660,0x00000000d8b00000)
 Metaspace       used 56889K, committed 58304K, reserved 1114112K
  class space    used 6013K, committed 6656K, reserved 1048576K
}
Event: 11.806 GC heap after
{Heap after GC invocations=383 (full 2):
 PSYoungGen      total 5120K, used 1652K [0x00000000eab00000, 0x00000000eb300000, 0x0000000100000000)
  eden space 3072K, 0% used [0x00000000eab00000,0x00000000eab00000,0x00000000eae00000)
  from space 2048K, 80% used [0x00000000eae00000,0x00000000eaf9d000,0x00000000eb000000)
  to   space 2048K, 0% used [0x00000000eb100000,0x00000000eb100000,0x00000000eb300000)
 ParOldGen       total 406528K, used 406185K [0x00000000c0000000, 0x00000000d8d00000, 0x00000000eab00000)
  object space 406528K, 99% used [0x00000000c0000000,0x00000000d8caa560,0x00000000d8d00000)
 Metaspace       used 56889K, committed 58304K, reserved 1114112K
  class space    used 6013K, committed 6656K, reserved 1048576K
}
Event: 11.845 GC heap before
{Heap before GC invocations=384 (full 2):
 PSYoungGen      total 5120K, used 4724K [0x00000000eab00000, 0x00000000eb300000, 0x0000000100000000)
  eden space 3072K, 100% used [0x00000000eab00000,0x00000000eae00000,0x00000000eae00000)
  from space 2048K, 80% used [0x00000000eae00000,0x00000000eaf9d000,0x00000000eb000000)
  to   space 2048K, 0% used [0x00000000eb100000,0x00000000eb100000,0x00000000eb300000)
 ParOldGen       total 406528K, used 406185K [0x00000000c0000000, 0x00000000d8d00000, 0x00000000eab00000)
  object space 406528K, 99% used [0x00000000c0000000,0x00000000d8caa560,0x00000000d8d00000)
 Metaspace       used 57013K, committed 58432K, reserved 1114112K
  class space    used 6026K, committed 6656K, reserved 1048576K
}

